[NotebookApp | WARNING] No nbgrader_config.py file found (rerun with --debug to see where nbgrader is looking)
[NotebookApp | INFO] Loading the validate_assignment nbgrader serverextension
[NotebookApp | INFO] Serving notebooks from local directory: /home/tsuman/Artificial_Intelligence/Notebooks/Experimentals
[NotebookApp | INFO] The Jupyter Notebook is running at:
[NotebookApp | INFO] http://localhost:8888/?token=aa2527f32a5cafab103912a4b16fe8b1aa7597a81beb16ea
[NotebookApp | INFO]  or http://127.0.0.1:8888/?token=aa2527f32a5cafab103912a4b16fe8b1aa7597a81beb16ea
[NotebookApp | INFO] Use Control-C to stop this server and shut down all kernels (twice to skip confirmation).
[NotebookApp | CRITICAL] 
    
    To access the notebook, open this file in a browser:
        file:///home/tsuman/.local/share/jupyter/runtime/nbserver-2361-open.html
    Or copy and paste one of these URLs:
        http://localhost:8888/?token=aa2527f32a5cafab103912a4b16fe8b1aa7597a81beb16ea
     or http://127.0.0.1:8888/?token=aa2527f32a5cafab103912a4b16fe8b1aa7597a81beb16ea
[NotebookApp | WARNING] Notebook NN_Func_Approx/Invertible_Flow_NN/multi_invex_func/04.4_2D_Multi_Invex_vs_Ordinary_Cifar_v0.ipynb is not trusted
[NotebookApp | INFO] Kernel started: d8e49a59-d39c-4463-b474-6c24d993dd03
[NotebookApp | INFO] Saving file at /NN_Func_Approx/Invertible_Flow_NN/multi_invex_func/04.4_2D_Multi_Invex_vs_Ordinary_Cifar_v0.ipynb
[NotebookApp | WARNING] Notebook NN_Func_Approx/Invertible_Flow_NN/multi_invex_func/04.4_2D_Multi_Invex_vs_Ordinary_Cifar_v0.ipynb is not trusted
[NotebookApp | WARNING] Notebook NN_Func_Approx/Invertible_Flow_NN/multi_invex_func/04.1_Invex_classifier_CNN_MNIST_robustness_check_v0.ipynb is not trusted
[NotebookApp | INFO] Kernel started: 887f7ccb-6186-4929-baa8-00909cc0713f
[NotebookApp | INFO] Saving file at /NN_Func_Approx/Invertible_Flow_NN/multi_invex_func/04.1_Invex_classifier_CNN_MNIST_robustness_check_v0.ipynb
[NotebookApp | WARNING] Notebook NN_Func_Approx/Invertible_Flow_NN/multi_invex_func/04.1_Invex_classifier_CNN_MNIST_robustness_check_v0.ipynb is not trusted
[NotebookApp | INFO] Creating new notebook in /NN_Func_Approx/Invertible_Flow_NN
[NotebookApp | INFO] Kernel started: f1ba9c85-1dd1-451a-b701-eaf477072a31
[NotebookApp | INFO] Saving file at /NN_Func_Approx/Invertible_Flow_NN/06.0_iResNet_ConvNet_inverse_debug_v0.ipynb
[NotebookApp | INFO] Saving file at /NN_Func_Approx/Invertible_Flow_NN/06.0_iResNet_ConvNet_inverse_debug_v0.ipynb
[NotebookApp | INFO] Saving file at /NN_Func_Approx/Invertible_Flow_NN/06.0_iResNet_ConvNet_inverse_debug_v0.ipynb
[NotebookApp | INFO] Saving file at /NN_Func_Approx/Invertible_Flow_NN/06.0_iResNet_ConvNet_inverse_debug_v0.ipynb
[NotebookApp | INFO] Starting buffering for f1ba9c85-1dd1-451a-b701-eaf477072a31:12bb6f220ffa4a448b43aa2a8b51afe0
[NotebookApp | INFO] Kernel restarted: f1ba9c85-1dd1-451a-b701-eaf477072a31
[NotebookApp | INFO] Restoring connection for f1ba9c85-1dd1-451a-b701-eaf477072a31:12bb6f220ffa4a448b43aa2a8b51afe0
[NotebookApp | INFO] Replaying 5 buffered messages
[NotebookApp | INFO] Starting buffering for f1ba9c85-1dd1-451a-b701-eaf477072a31:12bb6f220ffa4a448b43aa2a8b51afe0
[NotebookApp | INFO] Kernel restarted: f1ba9c85-1dd1-451a-b701-eaf477072a31
[NotebookApp | INFO] Restoring connection for f1ba9c85-1dd1-451a-b701-eaf477072a31:12bb6f220ffa4a448b43aa2a8b51afe0
[NotebookApp | INFO] Replaying 6 buffered messages
[NotebookApp | INFO] Saving file at /NN_Func_Approx/Invertible_Flow_NN/06.0_iResNet_ConvNet_inverse_debug_v0.ipynb
[NotebookApp | INFO] Saving file at /NN_Func_Approx/Invertible_Flow_NN/06.0_iResNet_ConvNet_inverse_debug_v0.ipynb
[NotebookApp | INFO] Saving file at /NN_Func_Approx/Invertible_Flow_NN/multi_invex_func/04.1_Invex_classifier_CNN_MNIST_robustness_check_v0.ipynb
[NotebookApp | WARNING] Notebook NN_Func_Approx/Invertible_Flow_NN/multi_invex_func/04.1_Invex_classifier_CNN_MNIST_robustness_check_v0.ipynb is not trusted
[NotebookApp | INFO] Starting buffering for 887f7ccb-6186-4929-baa8-00909cc0713f:515f55531c4b45dd835a7713e231a1da
[NotebookApp | INFO] Saving file at /NN_Func_Approx/Invertible_Flow_NN/06.0_iResNet_ConvNet_inverse_debug_v0.ipynb
[NotebookApp | INFO] Starting buffering for f1ba9c85-1dd1-451a-b701-eaf477072a31:12bb6f220ffa4a448b43aa2a8b51afe0
[NotebookApp | INFO] Kernel restarted: f1ba9c85-1dd1-451a-b701-eaf477072a31
[NotebookApp | INFO] Restoring connection for f1ba9c85-1dd1-451a-b701-eaf477072a31:12bb6f220ffa4a448b43aa2a8b51afe0
[NotebookApp | INFO] Replaying 6 buffered messages
[NotebookApp | INFO] Kernel interrupted: f1ba9c85-1dd1-451a-b701-eaf477072a31
[NotebookApp | INFO] Starting buffering for f1ba9c85-1dd1-451a-b701-eaf477072a31:12bb6f220ffa4a448b43aa2a8b51afe0
[NotebookApp | INFO] Kernel restarted: f1ba9c85-1dd1-451a-b701-eaf477072a31
[NotebookApp | INFO] Restoring connection for f1ba9c85-1dd1-451a-b701-eaf477072a31:12bb6f220ffa4a448b43aa2a8b51afe0
[NotebookApp | INFO] Replaying 6 buffered messages
[NotebookApp | INFO] Saving file at /NN_Func_Approx/Invertible_Flow_NN/06.0_iResNet_ConvNet_inverse_debug_v0.ipynb
[NotebookApp | WARNING] Notebook NN_Func_Approx/Invertible_Flow_NN/06.0_iResNet_ConvNet_inverse_debug_v0.ipynb is not trusted
[NotebookApp | INFO] Kernel interrupted: f1ba9c85-1dd1-451a-b701-eaf477072a31
[NotebookApp | INFO] Starting buffering for f1ba9c85-1dd1-451a-b701-eaf477072a31:12bb6f220ffa4a448b43aa2a8b51afe0
[NotebookApp | INFO] Kernel restarted: f1ba9c85-1dd1-451a-b701-eaf477072a31
[NotebookApp | INFO] Restoring connection for f1ba9c85-1dd1-451a-b701-eaf477072a31:12bb6f220ffa4a448b43aa2a8b51afe0
[NotebookApp | INFO] Replaying 3 buffered messages
[NotebookApp | INFO] Saving file at /NN_Func_Approx/Invertible_Flow_NN/06.0_iResNet_ConvNet_inverse_debug_v0.ipynb
[NotebookApp | WARNING] Notebook NN_Func_Approx/Invertible_Flow_NN/06.0_iResNet_ConvNet_inverse_debug_v0.ipynb is not trusted
[NotebookApp | INFO] Saving file at /NN_Func_Approx/Invertible_Flow_NN/06.0_iResNet_ConvNet_inverse_debug_v0.ipynb
[NotebookApp | WARNING] Notebook NN_Func_Approx/Invertible_Flow_NN/06.0_iResNet_ConvNet_inverse_debug_v0.ipynb is not trusted
[NotebookApp | INFO] interrupted
[NotebookApp | CRITICAL] Shutdown confirmed
[NotebookApp | INFO] Shutting down 3 kernels
[NotebookApp | INFO] Kernel shutdown: d8e49a59-d39c-4463-b474-6c24d993dd03
[NotebookApp | INFO] Kernel shutdown: 887f7ccb-6186-4929-baa8-00909cc0713f
[NotebookApp | INFO] Kernel shutdown: f1ba9c85-1dd1-451a-b701-eaf477072a31
[NotebookApp | WARNING] No nbgrader_config.py file found (rerun with --debug to see where nbgrader is looking)
[NotebookApp | INFO] Loading the validate_assignment nbgrader serverextension
[NotebookApp | INFO] Serving notebooks from local directory: /home/tsuman/Artificial_Intelligence/Notebooks/Experimentals
[NotebookApp | INFO] The Jupyter Notebook is running at:
[NotebookApp | INFO] http://localhost:8888/?token=e15cfbf7af99a45a0670011b5ae6c040357a02259be66517
[NotebookApp | INFO]  or http://127.0.0.1:8888/?token=e15cfbf7af99a45a0670011b5ae6c040357a02259be66517
[NotebookApp | INFO] Use Control-C to stop this server and shut down all kernels (twice to skip confirmation).
[NotebookApp | CRITICAL] 
    
    To access the notebook, open this file in a browser:
        file:///home/tsuman/.local/share/jupyter/runtime/nbserver-3953-open.html
    Or copy and paste one of these URLs:
        http://localhost:8888/?token=e15cfbf7af99a45a0670011b5ae6c040357a02259be66517
     or http://127.0.0.1:8888/?token=e15cfbf7af99a45a0670011b5ae6c040357a02259be66517
[NotebookApp | INFO] Kernel started: 95d94f64-3ee7-47fe-b58d-47a7d9663653
[NotebookApp | INFO] Saving file at /RoUgH_OtHeRs/01.0_Finding_modality_in_distribution_(softmax_w_temperature)_test.ipynb
[NotebookApp | INFO] Starting buffering for 95d94f64-3ee7-47fe-b58d-47a7d9663653:484310347bd247b0b412f2a79737af41
[NotebookApp | INFO] interrupted
[NotebookApp | CRITICAL] Shutdown confirmed
[NotebookApp | INFO] Shutting down 1 kernel
[NotebookApp | INFO] Kernel shutdown: 95d94f64-3ee7-47fe-b58d-47a7d9663653
